info it worked if it ends with ok
verbose cli [ 'node', '/Users/mnmly/.nvm/v0.6.14/bin/npm', 'install', '.' ]
info using npm@1.1.12
info using node@v0.6.14
verbose config file /Users/mnmly/.npmrc
verbose config file /Users/mnmly/.nvm/v0.6.14/etc/npmrc
verbose config file /Users/mnmly/.nvm/v0.6.14/lib/node_modules/npm/npmrc
ERR! Couldn't read dependencies.
ERR! Error: ENOENT, open '/Users/mnmly/Development/GitHub/ntumblr/package.json'
ERR! You may report this log at:
ERR!     <http://github.com/isaacs/npm/issues>
ERR! or email it to:
ERR!     <npm-@googlegroups.com>
ERR! 
ERR! System Darwin 11.3.0
ERR! command "node" "/Users/mnmly/.nvm/v0.6.14/bin/npm" "install" "."
ERR! cwd /Users/mnmly/Development/GitHub/ntumblr
ERR! node -v v0.6.14
ERR! npm -v 1.1.12
ERR! path /Users/mnmly/Development/GitHub/ntumblr/package.json
ERR! code ENOENT
ERR! message ENOENT, open '/Users/mnmly/Development/GitHub/ntumblr/package.json'
ERR! errno {}
verbose exit [ 1, true ]
